app/build/outputs/logs/manifest-merger-debug-report.txt
-- Merging decision tree log ---
manifest
ADDED from src\main\AndroidManifest.xml:2:1-105:12
INJECTED from src\main\AndroidManifest.xml:2:1-105:12
INJECTED from src\main\AndroidManifest.xml:2:1-105:12
INJECTED from src\main\AndroidManifest.xml:2:1-105:12
MERGED from [androidx.multidex:multidex:2.0.0] AndroidManifest.xml:17:1-22:12
MERGED from [com.google.firebase:firebase-ads:18.3.0] AndroidManifest.xml:2:1-9:12
MERGED from [com.facebook.android:audience-network-sdk:5.6.0] AndroidManifest.xml:2:1-41:12
MERGED from [com.mopub:mopub-sdk:5.10.0] AndroidManifest.xml:2:1-13:12
MERGED from [com.mopub:mopub-sdk-banner:5.10.0] AndroidManifest.xml:2:1-13:12
MERGED from [com.mopub:mopub-sdk-rewardedvideo:5.10.0] AndroidManifest.xml:2:1-18:12
MERGED from [com.mopub:mopub-sdk-interstitial:5.10.0] AndroidManifest.xml:2:1-22:12
MERGED from [com.mopub:mopub-sdk-native-video:5.10.0] AndroidManifest.xml:2:1-13:12
MERGED from [com.mopub:mopub-sdk-native-static:5.10.0] AndroidManifest.xml:2:1-13:12
MERGED from [com.mopub:mopub-sdk-base:5.10.0] AndroidManifest.xml:2:1-30:12
MERGED from [androidx.appcompat:appcompat:1.1.0] AndroidManifest.xml:17:1-24:12
MERGED from [com.google.android.gms:play-services-ads:18.3.0] AndroidManifest.xml:17:1-25:12
MERGED from [androidx.browser:browser:1.0.0] AndroidManifest.xml:17:1-22:12
MERGED from [androidx.legacy:legacy-support-v4:1.0.0] AndroidManifest.xml:17:1-22:12
MERGED from [com.google.firebase:firebase-analytics:17.1.0] AndroidManifest.xml:2:1-9:12
MERGED from [com.google.android.gms:play-services-measurement:17.1.0] AndroidManifest.xml:17:1-55:12
MERGED from [androidx.recyclerview:recyclerview:1.0.0] AndroidManifest.xml:17:1-22:12
MERGED from [androidx.legacy:legacy-support-core-ui:1.0.0] AndroidManifest.xml:17:1-22:12
MERGED from [com.google.android.gms:play-services-measurement-api:17.1.0] AndroidManifest.xml:17:1-36:12
MERGED from [com.google.android.gms:play-services-measurement-sdk:17.1.0] AndroidManifest.xml:17:1-25:12
MERGED from [com.google.android.gms:play-services-measurement-impl:17.1.0] AndroidManifest.xml:17:1-40:12
MERGED from [com.google.firebase:firebase-iid:19.0.0] AndroidManifest.xml:17:1-47:12
MERGED from [com.google.android.gms:play-services-stats:17.0.0] AndroidManifest.xml:2:1-9:12
MERGED from [androidx.legacy:legacy-support-core-utils:1.0.0] AndroidManifest.xml:17:1-22:12
MERGED from [androidx.cursoradapter:cursoradapter:1.0.0] AndroidManifest.xml:17:1-22:12
MERGED from [androidx.appcompat:appcompat-resources:1.1.0] AndroidManifest.xml:17:1-24:12
MERGED from [androidx.drawerlayout:drawerlayout:1.0.0] AndroidManifest.xml:17:1-22:12
MERGED from [androidx.swiperefreshlayout:swiperefreshlayout:1.0.0] AndroidManifest.xml:17:1-22:12
MERGED from [androidx.vectordrawable:vectordrawable-animated:1.1.0] AndroidManifest.xml:17:1-24:12
MERGED from [androidx.interpolator:interpolator:1.0.0] AndroidManifest.xml:17:1-22:12
MERGED from [com.google.firebase:firebase-common:18.0.0] AndroidManifest.xml:2:1-19:12
MERGED from [androidx.documentfile:documentfile:1.0.0] AndroidManifest.xml:17:1-22:12
MERGED from [com.google.firebase:firebase-iid-interop:17.0.0] AndroidManifest.xml:2:1-10:12
MERGED from [com.google.android.gms:play-services-base:17.0.0] AndroidManifest.xml:17:1-29:12
MERGED from [com.google.android.gms:play-services-gass:18.3.0] AndroidManifest.xml:2:1-9:12
MERGED from [com.google.android.gms:play-services-ads-lite:18.3.0] AndroidManifest.xml:17:1-42:12
MERGED from [com.google.android.gms:play-services-measurement-sdk-api:17.1.0] AndroidManifest.xml:17:1-27:12
MERGED from [com.google.android.gms:play-services-tasks:17.0.0] AndroidManifest.xml:2:1-9:12
MERGED from [com.google.android.gms:play-services-measurement-base:17.1.0] AndroidManifest.xml:2:1-9:12
MERGED from [com.google.firebase:firebase-measurement-connector:18.0.0] AndroidManifest.xml:17:1-25:12
MERGED from [com.kakao.adfit:ads-base:3.0.12] AndroidManifest.xml:2:1-25:12
MERGED from [com.google.android.gms:play-services-ads-identifier:17.0.0] AndroidManifest.xml:17:1-24:12
MERGED from [com.google.android.gms:play-services-basement:17.0.0] AndroidManifest.xml:17:1-28:12
MERGED from [androidx.fragment:fragment:1.1.0] AndroidManifest.xml:17:1-24:12
MERGED from [androidx.loader:loader:1.0.0] AndroidManifest.xml:17:1-22:12
MERGED from [androidx.localbroadcastmanager:localbroadcastmanager:1.0.0] AndroidManifest.xml:17:1-22:12
MERGED from [androidx.print:print:1.0.0] AndroidManifest.xml:17:1-22:12
MERGED from [androidx.viewpager:viewpager:1.0.0] AndroidManifest.xml:17:1-22:12
MERGED from [androidx.coordinatorlayout:coordinatorlayout:1.0.0] AndroidManifest.xml:17:1-22:12
MERGED from [androidx.slidingpanelayout:slidingpanelayout:1.0.0] AndroidManifest.xml:17:1-22:12
MERGED from [androidx.customview:customview:1.0.0] AndroidManifest.xml:17:1-22:12
MERGED from [androidx.asynclayoutinflater:asynclayoutinflater:1.0.0] AndroidManifest.xml:17:1-22:12
MERGED from [com.google.android.exoplayer:exoplayer:2.10.3] AndroidManifest.xml:17:1-24:12
MERGED from [com.google.android.exoplayer:exoplayer-dash:2.10.3] AndroidManifest.xml:17:1-24:12
MERGED from [com.google.android.exoplayer:exoplayer-hls:2.10.3] AndroidManifest.xml:17:1-24:12
MERGED from [com.google.android.exoplayer:exoplayer-smoothstreaming:2.10.3] AndroidManifest.xml:17:1-24:12
MERGED from [com.google.android.exoplayer:exoplayer-ui:2.10.3] AndroidManifest.xml:17:1-24:12
MERGED from [com.google.android.exoplayer:exoplayer-core:2.10.3] AndroidManifest.xml:17:1-26:12
MERGED from [androidx.vectordrawable:vectordrawable:1.1.0] AndroidManifest.xml:17:1-24:12
MERGED from [androidx.lifecycle:lifecycle-livedata:2.0.0] AndroidManifest.xml:17:1-22:12
MERGED from [androidx.lifecycle:lifecycle-livedata-core:2.0.0] AndroidManifest.xml:17:1-22:12
MERGED from [androidx.arch.core:core-runtime:2.0.0] AndroidManifest.xml:17:1-22:12
MERGED from [androidx.activity:activity:1.0.0] AndroidManifest.xml:17:1-24:12
MERGED from [androidx.media:media:1.0.1] AndroidManifest.xml:17:1-22:12
MERGED from [androidx.core:core:1.1.0] AndroidManifest.xml:17:1-26:12
MERGED from [androidx.savedstate:savedstate:1.0.0] AndroidManifest.xml:17:1-24:12
MERGED from [androidx.versionedparcelable:versionedparcelable:1.1.0] AndroidManifest.xml:17:1-27:12
MERGED from [androidx.lifecycle:lifecycle-runtime:2.1.0] AndroidManifest.xml:17:1-22:12
MERGED from [androidx.lifecycle:lifecycle-viewmodel:2.1.0] AndroidManifest.xml:17:1-22:12
MERGED from [com.smaato.android.sdk:smaato-sdk:21.2.1] AndroidManifest.xml:7:1-16:12
MERGED from [com.smaato.android.sdk:smaato-sdk-banner:21.2.1] AndroidManifest.xml:7:1-16:12
MERGED from [com.smaato.android.sdk:smaato-sdk-interstitial:21.2.1] AndroidManifest.xml:7:1-23:12
MERGED from [com.smaato.android.sdk:smaato-sdk-rewarded-ads:21.2.1] AndroidManifest.xml:7:1-24:12
MERGED from [com.google.android.gms:play-services-ads-base:18.3.0] AndroidManifest.xml:2:1-9:12
MERGED from [com.moat.analytics.mobile.mpub:moat-mobile-app-kit:2.4.5] AndroidManifest.xml:2:1-11:12
MERGED from [com.smaato.android.sdk:module-richmedia:21.2.1] AndroidManifest.xml:7:1-16:12
MERGED from [com.smaato.android.sdk:module-video:21.2.1] AndroidManifest.xml:7:1-16:12
MERGED from [com.smaato.android.sdk:module-core:21.2.1] AndroidManifest.xml:7:1-27:12
INJECTED from src\main\AndroidManifest.xml:2:1-105:12
INJECTED from src\main\AndroidManifest.xml:2:1-105:12
INJECTED from src\main\AndroidManifest.xml:2:1-105:12
	package
		ADDED from src\main\AndroidManifest.xml:3:5-33
		INJECTED from src\main\AndroidManifest.xml
		INJECTED from src\main\AndroidManifest.xml
	xmlns:ads
		ADDED from src\main\AndroidManifest.xml:7:2-53
	android:versionName
		ADDED from src\main\AndroidManifest.xml:5:5-30
		INJECTED from src\main\AndroidManifest.xml
		INJECTED from src\main\AndroidManifest.xml
	xmlns:tools
		ADDED from src\main\AndroidManifest.xml:6:2-48
	xmlns:android
		ADDED from src\main\AndroidManifest.xml:2:11-69
	android:versionCode
		ADDED from src\main\AndroidManifest.xml:4:5-28
		INJECTED from src\main\AndroidManifest.xml
		INJECTED from src\main\AndroidManifest.xml
application
ADDED from src\main\AndroidManifest.xml:9:5-80:16
MERGED from [com.google.firebase:firebase-ads:18.3.0] AndroidManifest.xml:7:5-20
MERGED from [com.google.firebase:firebase-ads:18.3.0] AndroidManifest.xml:7:5-20
MERGED from [com.facebook.android:audience-network-sdk:5.6.0] AndroidManifest.xml:14:5-39:19
MERGED from [com.facebook.android:audience-network-sdk:5.6.0] AndroidManifest.xml:14:5-39:19
MERGED from [com.mopub:mopub-sdk:5.10.0] AndroidManifest.xml:11:5-20
MERGED from [com.mopub:mopub-sdk:5.10.0] AndroidManifest.xml:11:5-20
MERGED from [com.mopub:mopub-sdk-banner:5.10.0] AndroidManifest.xml:11:5-20
MERGED from [com.mopub:mopub-sdk-banner:5.10.0] AndroidManifest.xml:11:5-20
MERGED from [com.mopub:mopub-sdk-rewardedvideo:5.10.0] AndroidManifest.xml:11:5-16:19
MERGED from [com.mopub:mopub-sdk-rewardedvideo:5.10.0] AndroidManifest.xml:11:5-16:19
MERGED from [com.mopub:mopub-sdk-interstitial:5.10.0] AndroidManifest.xml:11:5-20:19
MERGED from [com.mopub:mopub-sdk-interstitial:5.10.0] AndroidManifest.xml:11:5-20:19
MERGED from [com.mopub:mopub-sdk-native-video:5.10.0] AndroidManifest.xml:11:5-20
MERGED from [com.mopub:mopub-sdk-native-video:5.10.0] AndroidManifest.xml:11:5-20
MERGED from [com.mopub:mopub-sdk-native-static:5.10.0] AndroidManifest.xml:11:5-20
MERGED from [com.mopub:mopub-sdk-native-static:5.10.0] AndroidManifest.xml:11:5-20
MERGED from [com.mopub:mopub-sdk-base:5.10.0] AndroidManifest.xml:15:5-28:19
MERGED from [com.mopub:mopub-sdk-base:5.10.0] AndroidManifest.xml:15:5-28:19
MERGED from [com.google.firebase:firebase-analytics:17.1.0] AndroidManifest.xml:7:5-20
MERGED from [com.google.firebase:firebase-analytics:17.1.0] AndroidManifest.xml:7:5-20
MERGED from [com.google.android.gms:play-services-measurement:17.1.0] AndroidManifest.xml:28:5-53:19
MERGED from [com.google.android.gms:play-services-measurement:17.1.0] AndroidManifest.xml:28:5-53:19
MERGED from [com.google.android.gms:play-services-measurement-api:17.1.0] AndroidManifest.xml:26:5-34:19
MERGED from [com.google.android.gms:play-services-measurement-api:17.1.0] AndroidManifest.xml:26:5-34:19
MERGED from [com.google.android.gms:play-services-measurement-sdk:17.1.0] AndroidManifest.xml:22:5-23:19
MERGED from [com.google.android.gms:play-services-measurement-sdk:17.1.0] AndroidManifest.xml:22:5-23:19
MERGED from [com.google.android.gms:play-services-measurement-impl:17.1.0] AndroidManifest.xml:28:5-38:19
MERGED from [com.google.android.gms:play-services-measurement-impl:17.1.0] AndroidManifest.xml:28:5-38:19
MERGED from [com.google.firebase:firebase-iid:19.0.0] AndroidManifest.xml:28:5-45:19
MERGED from [com.google.firebase:firebase-iid:19.0.0] AndroidManifest.xml:28:5-45:19
MERGED from [com.google.android.gms:play-services-stats:17.0.0] AndroidManifest.xml:7:5-20
MERGED from [com.google.android.gms:play-services-stats:17.0.0] AndroidManifest.xml:7:5-20
MERGED from [com.google.firebase:firebase-common:18.0.0] AndroidManifest.xml:11:5-17:19
MERGED from [com.google.firebase:firebase-common:18.0.0] AndroidManifest.xml:11:5-17:19
MERGED from [com.google.firebase:firebase-iid-interop:17.0.0] AndroidManifest.xml:7:5-8:19
MERGED from [com.google.firebase:firebase-iid-interop:17.0.0] AndroidManifest.xml:7:5-8:19
MERGED from [com.google.android.gms:play-services-base:17.0.0] AndroidManifest.xml:22:5-27:19
MERGED from [com.google.android.gms:play-services-base:17.0.0] AndroidManifest.xml:22:5-27:19
MERGED from [com.google.android.gms:play-services-gass:18.3.0] AndroidManifest.xml:7:5-20
MERGED from [com.google.android.gms:play-services-gass:18.3.0] AndroidManifest.xml:7:5-20
MERGED from [com.google.android.gms:play-services-ads-lite:18.3.0] AndroidManifest.xml:26:5-40:19
MERGED from [com.google.android.gms:play-services-ads-lite:18.3.0] AndroidManifest.xml:26:5-40:19
MERGED from [com.google.android.gms:play-services-tasks:17.0.0] AndroidManifest.xml:7:5-20
MERGED from [com.google.android.gms:play-services-tasks:17.0.0] AndroidManifest.xml:7:5-20
MERGED from [com.google.android.gms:play-services-measurement-base:17.1.0] AndroidManifest.xml:7:5-20
MERGED from [com.google.android.gms:play-services-measurement-base:17.1.0] AndroidManifest.xml:7:5-20
MERGED from [com.google.firebase:firebase-measurement-connector:18.0.0] AndroidManifest.xml:22:5-23:19
MERGED from [com.google.firebase:firebase-measurement-connector:18.0.0] AndroidManifest.xml:22:5-23:19
MERGED from [com.kakao.adfit:ads-base:3.0.12] AndroidManifest.xml:13:5-23:19
MERGED from [com.kakao.adfit:ads-base:3.0.12] AndroidManifest.xml:13:5-23:19
MERGED from [com.google.android.gms:play-services-ads-identifier:17.0.0] AndroidManifest.xml:22:5-20
MERGED from [com.google.android.gms:play-services-ads-identifier:17.0.0] AndroidManifest.xml:22:5-20
MERGED from [com.google.android.gms:play-services-basement:17.0.0] AndroidManifest.xml:22:5-26:19
MERGED from [com.google.android.gms:play-services-basement:17.0.0] AndroidManifest.xml:22:5-26:19
MERGED from [androidx.core:core:1.1.0] AndroidManifest.xml:24:5-89
MERGED from [androidx.core:core:1.1.0] AndroidManifest.xml:24:5-89
MERGED from [androidx.versionedparcelable:versionedparcelable:1.1.0] AndroidManifest.xml:24:5-25:19
MERGED from [androidx.versionedparcelable:versionedparcelable:1.1.0] AndroidManifest.xml:24:5-25:19
MERGED from [com.smaato.android.sdk:smaato-sdk-interstitial:21.2.1] AndroidManifest.xml:16:5-21:19
MERGED from [com.smaato.android.sdk:smaato-sdk-interstitial:21.2.1] AndroidManifest.xml:16:5-21:19
MERGED from [com.smaato.android.sdk:smaato-sdk-rewarded-ads:21.2.1] AndroidManifest.xml:16:5-22:19
MERGED from [com.smaato.android.sdk:smaato-sdk-rewarded-ads:21.2.1] AndroidManifest.xml:16:5-22:19
MERGED from [com.google.android.gms:play-services-ads-base:18.3.0] AndroidManifest.xml:7:5-20
MERGED from [com.google.android.gms:play-services-ads-base:18.3.0] AndroidManifest.xml:7:5-20
MERGED from [com.smaato.android.sdk:module-core:21.2.1] AndroidManifest.xml:16:5-25:19
MERGED from [com.smaato.android.sdk:module-core:21.2.1] AndroidManifest.xml:16:5-25:19
	android:supportsRtl
		ADDED from src\main\AndroidManifest.xml:16:3-29
	android:label
		ADDED from src\main\AndroidManifest.xml:12:9-38
	android:appComponentFactory
		ADDED from src\main\AndroidManifest.xml:10:3-71
		REJECTED from [androidx.core:core:1.1.0] AndroidManifest.xml:24:18-86
	android:hardwareAccelerated
		ADDED from src\main\AndroidManifest.xml:14:3-37
	android:icon
		ADDED from src\main\AndroidManifest.xml:11:9-45
	android:allowBackup
		ADDED from src\main\AndroidManifest.xml:13:3-30
	tools:replace
		ADDED from src\main\AndroidManifest.xml:17:3-79
	android:usesCleartextTraffic
		ADDED from src\main\AndroidManifest.xml:15:3-38
activity#com.admixer.sample.AdMixerSampleActivity
ADDED from src\main\AndroidManifest.xml:20:10-28:20
	android:label
		ADDED from src\main\AndroidManifest.xml:23:13-42
	android:configChanges
		ADDED from src\main\AndroidManifest.xml:22:13-122
	android:name
		ADDED from src\main\AndroidManifest.xml:21:13-50
intent-filter#action:name:android.intent.action.MAIN+category:name:android.intent.category.LAUNCHER
ADDED from src\main\AndroidManifest.xml:24:13-27:29
action#android.intent.action.MAIN
ADDED from src\main\AndroidManifest.xml:25:17-69
	android:name
		ADDED from src\main\AndroidManifest.xml:25:25-66
category#android.intent.category.LAUNCHER
ADDED from src\main\AndroidManifest.xml:26:17-77
	android:name
		ADDED from src\main\AndroidManifest.xml:26:27-74
meta-data#com.google.android.gms.version
ADDED from src\main\AndroidManifest.xml:31:9-32:63
MERGED from [com.google.android.gms:play-services-basement:17.0.0] AndroidManifest.xml:23:9-25:69
MERGED from [com.google.android.gms:play-services-basement:17.0.0] AndroidManifest.xml:23:9-25:69
	android:value
		ADDED from src\main\AndroidManifest.xml:32:7-60
	android:name
		ADDED from src\main\AndroidManifest.xml:31:20-65
meta-data#com.google.android.gms.ads.APPLICATION_ID
ADDED from src\main\AndroidManifest.xml:35:3-37:60
	android:value
		ADDED from src\main\AndroidManifest.xml:37:4-58
	android:name
		ADDED from src\main\AndroidManifest.xml:36:4-60
activity#com.google.android.gms.ads.AdActivity
ADDED from src\main\AndroidManifest.xml:38:3-40:55
MERGED from [com.google.android.gms:play-services-ads-lite:18.3.0] AndroidManifest.xml:29:9-33:64
MERGED from [com.google.android.gms:play-services-ads-lite:18.3.0] AndroidManifest.xml:29:9-33:64
	android:exported
		ADDED from [com.google.android.gms:play-services-ads-lite:18.3.0] AndroidManifest.xml:32:13-37
	android:configChanges
		ADDED from src\main\AndroidManifest.xml:39:4-113
	android:theme
		ADDED from src\main\AndroidManifest.xml:40:4-52
	android:name
		ADDED from src\main\AndroidManifest.xml:38:13-65
activity#com.facebook.ads.AudienceNetworkActivity
ADDED from src\main\AndroidManifest.xml:43:3-44:68
MERGED from [com.facebook.android:audience-network-sdk:5.6.0] AndroidManifest.xml:15:9-19:75
MERGED from [com.facebook.android:audience-network-sdk:5.6.0] AndroidManifest.xml:15:9-19:75
	android:exported
		ADDED from [com.facebook.android:audience-network-sdk:5.6.0] AndroidManifest.xml:18:13-37
	android:configChanges
		ADDED from src\main\AndroidManifest.xml:44:4-65
	android:theme
		ADDED from [com.facebook.android:audience-network-sdk:5.6.0] AndroidManifest.xml:19:13-72
	android:name
		ADDED from src\main\AndroidManifest.xml:43:13-68
activity#com.mapps.android.view.InterstitialView
ADDED from src\main\AndroidManifest.xml:47:3-50:77
	android:screenOrientation
		ADDED from src\main\AndroidManifest.xml:49:4-40
	android:theme
		ADDED from src\main\AndroidManifest.xml:50:4-74
	android:name
		ADDED from src\main\AndroidManifest.xml:48:4-58
receiver#com.skplanet.tad.SyrupAdReceiver
ADDED from src\main\AndroidManifest.xml:53:3-57:14
	android:name
		ADDED from src\main\AndroidManifest.xml:53:13-60
intent-filter#action:name:com.skplanet.syrupad.action.SAID_CHANGED
ADDED from src\main\AndroidManifest.xml:54:4-56:20
action#com.skplanet.syrupad.action.SAID_CHANGED
ADDED from src\main\AndroidManifest.xml:55:5-71
	android:name
		ADDED from src\main\AndroidManifest.xml:55:13-68
activity#com.skplanet.tad.AdActivity
ADDED from src\main\AndroidManifest.xml:58:3-61:53
	android:label
		ADDED from src\main\AndroidManifest.xml:60:4-31
	android:configChanges
		ADDED from src\main\AndroidManifest.xml:59:4-113
	android:theme
		ADDED from src\main\AndroidManifest.xml:61:4-51
	android:name
		ADDED from src\main\AndroidManifest.xml:58:13-55
activity#com.fsn.cauly.blackdragoncore.LandingActivity
ADDED from src\main\AndroidManifest.xml:64:3-67:14
	android:configChanges
		ADDED from src\main\AndroidManifest.xml:66:4-74
	android:name
		ADDED from src\main\AndroidManifest.xml:65:4-64
activity#com.mopub.common.privacy.ConsentDialogActivity
ADDED from src\main\AndroidManifest.xml:71:4-139
MERGED from [com.mopub:mopub-sdk-base:5.10.0] AndroidManifest.xml:24:9-27:59
MERGED from [com.mopub:mopub-sdk-base:5.10.0] AndroidManifest.xml:24:9-27:59
	android:configChanges
		ADDED from src\main\AndroidManifest.xml:71:76-137
	android:theme
		ADDED from [com.mopub:mopub-sdk-base:5.10.0] AndroidManifest.xml:27:13-56
	android:name
		ADDED from src\main\AndroidManifest.xml:71:14-75
activity#com.mopub.common.MoPubBrowser
ADDED from src\main\AndroidManifest.xml:74:4-122
MERGED from [com.mopub:mopub-sdk-base:5.10.0] AndroidManifest.xml:16:9-19:59
MERGED from [com.mopub:mopub-sdk-base:5.10.0] AndroidManifest.xml:16:9-19:59
	android:configChanges
		ADDED from src\main\AndroidManifest.xml:74:59-120
	android:theme
		ADDED from [com.mopub:mopub-sdk-base:5.10.0] AndroidManifest.xml:19:13-56
	android:name
		ADDED from src\main\AndroidManifest.xml:74:14-58
activity#com.mopub.mobileads.MoPubActivity
ADDED from src\main\AndroidManifest.xml:77:4-126
MERGED from [com.mopub:mopub-sdk-interstitial:5.10.0] AndroidManifest.xml:12:9-15:59
MERGED from [com.mopub:mopub-sdk-interstitial:5.10.0] AndroidManifest.xml:12:9-15:59
	android:configChanges
		ADDED from src\main\AndroidManifest.xml:77:63-124
	android:theme
		ADDED from [com.mopub:mopub-sdk-interstitial:5.10.0] AndroidManifest.xml:15:13-56
	android:name
		ADDED from src\main\AndroidManifest.xml:77:14-62
activity#com.mopub.mobileads.MraidActivity
ADDED from src\main\AndroidManifest.xml:78:4-126
MERGED from [com.mopub:mopub-sdk-interstitial:5.10.0] AndroidManifest.xml:16:9-19:59
MERGED from [com.mopub:mopub-sdk-interstitial:5.10.0] AndroidManifest.xml:16:9-19:59
	android:configChanges
		ADDED from src\main\AndroidManifest.xml:78:63-124
	android:theme
		ADDED from [com.mopub:mopub-sdk-interstitial:5.10.0] AndroidManifest.xml:19:13-56
	android:name
		ADDED from src\main\AndroidManifest.xml:78:14-62
uses-permission#android.permission.ACCESS_NETWORK_STATE
ADDED from src\main\AndroidManifest.xml:83:2-76
MERGED from [com.facebook.android:audience-network-sdk:5.6.0] AndroidManifest.xml:12:5-79
MERGED from [com.facebook.android:audience-network-sdk:5.6.0] AndroidManifest.xml:12:5-79
MERGED from [com.mopub:mopub-sdk-base:5.10.0] AndroidManifest.xml:13:5-79
MERGED from [com.mopub:mopub-sdk-base:5.10.0] AndroidManifest.xml:13:5-79
MERGED from [com.google.android.gms:play-services-measurement:17.1.0] AndroidManifest.xml:24:5-79
MERGED from [com.google.android.gms:play-services-measurement:17.1.0] AndroidManifest.xml:24:5-79
MERGED from [com.google.android.gms:play-services-measurement-api:17.1.0] AndroidManifest.xml:23:5-79
MERGED from [com.google.android.gms:play-services-measurement-api:17.1.0] AndroidManifest.xml:23:5-79
MERGED from [com.google.android.gms:play-services-measurement-impl:17.1.0] AndroidManifest.xml:24:5-79
MERGED from [com.google.android.gms:play-services-measurement-impl:17.1.0] AndroidManifest.xml:24:5-79
MERGED from [com.google.firebase:firebase-iid:19.0.0] AndroidManifest.xml:22:5-79
MERGED from [com.google.firebase:firebase-iid:19.0.0] AndroidManifest.xml:22:5-79
MERGED from [com.google.android.gms:play-services-ads-lite:18.3.0] AndroidManifest.xml:24:5-79
MERGED from [com.google.android.gms:play-services-ads-lite:18.3.0] AndroidManifest.xml:24:5-79
MERGED from [com.google.android.gms:play-services-measurement-sdk-api:17.1.0] AndroidManifest.xml:24:5-79
MERGED from [com.google.android.gms:play-services-measurement-sdk-api:17.1.0] AndroidManifest.xml:24:5-79
MERGED from [com.kakao.adfit:ads-base:3.0.12] AndroidManifest.xml:11:5-79
MERGED from [com.kakao.adfit:ads-base:3.0.12] AndroidManifest.xml:11:5-79
MERGED from [com.google.android.exoplayer:exoplayer-core:2.10.3] AndroidManifest.xml:24:5-79
MERGED from [com.google.android.exoplayer:exoplayer-core:2.10.3] AndroidManifest.xml:24:5-79
	android:name
		ADDED from src\main\AndroidManifest.xml:83:19-73
uses-permission#android.permission.INTERNET
ADDED from src\main\AndroidManifest.xml:85:2-64
MERGED from [com.facebook.android:audience-network-sdk:5.6.0] AndroidManifest.xml:11:5-67
MERGED from [com.facebook.android:audience-network-sdk:5.6.0] AndroidManifest.xml:11:5-67
MERGED from [com.mopub:mopub-sdk-base:5.10.0] AndroidManifest.xml:11:5-67
MERGED from [com.mopub:mopub-sdk-base:5.10.0] AndroidManifest.xml:11:5-67
MERGED from [com.google.android.gms:play-services-measurement:17.1.0] AndroidManifest.xml:23:5-67
MERGED from [com.google.android.gms:play-services-measurement:17.1.0] AndroidManifest.xml:23:5-67
MERGED from [com.google.android.gms:play-services-measurement-api:17.1.0] AndroidManifest.xml:22:5-67
MERGED from [com.google.android.gms:play-services-measurement-api:17.1.0] AndroidManifest.xml:22:5-67
MERGED from [com.google.android.gms:play-services-measurement-impl:17.1.0] AndroidManifest.xml:23:5-67
MERGED from [com.google.android.gms:play-services-measurement-impl:17.1.0] AndroidManifest.xml:23:5-67
MERGED from [com.google.firebase:firebase-iid:19.0.0] AndroidManifest.xml:23:5-67
MERGED from [com.google.firebase:firebase-iid:19.0.0] AndroidManifest.xml:23:5-67
MERGED from [com.google.android.gms:play-services-ads-lite:18.3.0] AndroidManifest.xml:23:5-67
MERGED from [com.google.android.gms:play-services-ads-lite:18.3.0] AndroidManifest.xml:23:5-67
MERGED from [com.google.android.gms:play-services-measurement-sdk-api:17.1.0] AndroidManifest.xml:23:5-67
MERGED from [com.google.android.gms:play-services-measurement-sdk-api:17.1.0] AndroidManifest.xml:23:5-67
MERGED from [com.kakao.adfit:ads-base:3.0.12] AndroidManifest.xml:10:5-67
MERGED from [com.kakao.adfit:ads-base:3.0.12] AndroidManifest.xml:10:5-67
	android:name
		ADDED from src\main\AndroidManifest.xml:85:19-61
uses-permission#android.permission.WRITE_EXTERNAL_STORAGE
ADDED from src\main\AndroidManifest.xml:88:2-78
	android:name
		ADDED from src\main\AndroidManifest.xml:88:19-75
uses-permission#android.permission.READ_EXTERNAL_STORAGE
ADDED from src\main\AndroidManifest.xml:91:2-77
	android:name
		ADDED from src\main\AndroidManifest.xml:91:19-74
uses-permission#android.permission.ACCESS_COARSE_LOCATION
ADDED from src\main\AndroidManifest.xml:94:2-78
MERGED from [com.mopub:mopub-sdk-base:5.10.0] AndroidManifest.xml:12:5-81
MERGED from [com.mopub:mopub-sdk-base:5.10.0] AndroidManifest.xml:12:5-81
	android:name
		ADDED from src\main\AndroidManifest.xml:94:19-75
uses-permission#android.permission.ACCESS_FINE_LOCATION
ADDED from src\main\AndroidManifest.xml:97:2-76
	android:name
		ADDED from src\main\AndroidManifest.xml:97:19-73
uses-permission#android.permission.READ_PHONE_STATE
ADDED from src\main\AndroidManifest.xml:100:2-72
	android:name
		ADDED from src\main\AndroidManifest.xml:100:19-69
uses-feature#android.hardware.location.network
ADDED from src\main\AndroidManifest.xml:103:2-67
	android:name
		ADDED from src\main\AndroidManifest.xml:103:16-64
uses-sdk
INJECTED from src\main\AndroidManifest.xml reason: use-sdk injection requested
INJECTED from src\main\AndroidManifest.xml
INJECTED from src\main\AndroidManifest.xml
MERGED from [androidx.multidex:multidex:2.0.0] AndroidManifest.xml:20:5-43
MERGED from [androidx.multidex:multidex:2.0.0] AndroidManifest.xml:20:5-43
MERGED from [com.google.firebase:firebase-ads:18.3.0] AndroidManifest.xml:5:5-44
MERGED from [com.google.firebase:firebase-ads:18.3.0] AndroidManifest.xml:5:5-44
MERGED from [com.facebook.android:audience-network-sdk:5.6.0] AndroidManifest.xml:7:5-9:41
MERGED from [com.facebook.android:audience-network-sdk:5.6.0] AndroidManifest.xml:7:5-9:41
MERGED from [com.mopub:mopub-sdk:5.10.0] AndroidManifest.xml:7:5-9:41
MERGED from [com.mopub:mopub-sdk:5.10.0] AndroidManifest.xml:7:5-9:41
MERGED from [com.mopub:mopub-sdk-banner:5.10.0] AndroidManifest.xml:7:5-9:41
MERGED from [com.mopub:mopub-sdk-banner:5.10.0] AndroidManifest.xml:7:5-9:41
MERGED from [com.mopub:mopub-sdk-rewardedvideo:5.10.0] AndroidManifest.xml:7:5-9:41
MERGED from [com.mopub:mopub-sdk-rewardedvideo:5.10.0] AndroidManifest.xml:7:5-9:41
MERGED from [com.mopub:mopub-sdk-interstitial:5.10.0] AndroidManifest.xml:7:5-9:41
MERGED from [com.mopub:mopub-sdk-interstitial:5.10.0] AndroidManifest.xml:7:5-9:41
MERGED from [com.mopub:mopub-sdk-native-video:5.10.0] AndroidManifest.xml:7:5-9:41
MERGED from [com.mopub:mopub-sdk-native-video:5.10.0] AndroidManifest.xml:7:5-9:41
MERGED from [com.mopub:mopub-sdk-native-static:5.10.0] AndroidManifest.xml:7:5-9:41
MERGED from [com.mopub:mopub-sdk-native-static:5.10.0] AndroidManifest.xml:7:5-9:41
MERGED from [com.mopub:mopub-sdk-base:5.10.0] AndroidManifest.xml:7:5-9:41
MERGED from [com.mopub:mopub-sdk-base:5.10.0] AndroidManifest.xml:7:5-9:41
MERGED from [androidx.appcompat:appcompat:1.1.0] AndroidManifest.xml:20:5-22:41
MERGED from [androidx.appcompat:appcompat:1.1.0] AndroidManifest.xml:20:5-22:41
MERGED from [com.google.android.gms:play-services-ads:18.3.0] AndroidManifest.xml:21:5-23:52
MERGED from [com.google.android.gms:play-services-ads:18.3.0] AndroidManifest.xml:21:5-23:52
MERGED from [androidx.browser:browser:1.0.0] AndroidManifest.xml:20:5-44
MERGED from [androidx.browser:browser:1.0.0] AndroidManifest.xml:20:5-44
MERGED from [androidx.legacy:legacy-support-v4:1.0.0] AndroidManifest.xml:20:5-44
MERGED from [androidx.legacy:legacy-support-v4:1.0.0] AndroidManifest.xml:20:5-44
MERGED from [com.google.firebase:firebase-analytics:17.1.0] AndroidManifest.xml:5:5-44
MERGED from [com.google.firebase:firebase-analytics:17.1.0] AndroidManifest.xml:5:5-44
MERGED from [com.google.android.gms:play-services-measurement:17.1.0] AndroidManifest.xml:20:5-44
MERGED from [com.google.android.gms:play-services-measurement:17.1.0] AndroidManifest.xml:20:5-44
MERGED from [androidx.recyclerview:recyclerview:1.0.0] AndroidManifest.xml:20:5-44
MERGED from [androidx.recyclerview:recyclerview:1.0.0] AndroidManifest.xml:20:5-44
MERGED from [androidx.legacy:legacy-support-core-ui:1.0.0] AndroidManifest.xml:20:5-44
MERGED from [androidx.legacy:legacy-support-core-ui:1.0.0] AndroidManifest.xml:20:5-44
MERGED from [com.google.android.gms:play-services-measurement-api:17.1.0] AndroidManifest.xml:20:5-44
MERGED from [com.google.android.gms:play-services-measurement-api:17.1.0] AndroidManifest.xml:20:5-44
MERGED from [com.google.android.gms:play-services-measurement-sdk:17.1.0] AndroidManifest.xml:20:5-44
MERGED from [com.google.android.gms:play-services-measurement-sdk:17.1.0] AndroidManifest.xml:20:5-44
MERGED from [com.google.android.gms:play-services-measurement-impl:17.1.0] AndroidManifest.xml:20:5-44
MERGED from [com.google.android.gms:play-services-measurement-impl:17.1.0] AndroidManifest.xml:20:5-44
MERGED from [com.google.firebase:firebase-iid:19.0.0] AndroidManifest.xml:20:5-44
MERGED from [com.google.firebase:firebase-iid:19.0.0] AndroidManifest.xml:20:5-44
MERGED from [com.google.android.gms:play-services-stats:17.0.0] AndroidManifest.xml:5:5-44
MERGED from [com.google.android.gms:play-services-stats:17.0.0] AndroidManifest.xml:5:5-44
MERGED from [androidx.legacy:legacy-support-core-utils:1.0.0] AndroidManifest.xml:20:5-44